<?xml version="1.0" encoding="UTF-8"?>
<!-- Generated by org.testng.reporters.JUnitXMLReporter -->
<testsuite hostname="WINCTRL-G90EA4E" ignored="0" name="Test" tests="1" failures="0" timestamp="19 Feb 2018 12:16:12 GMT" time="0.043" errors="0">
  <testcase name="@BeforeSuite openBrowser" time="0.171" classname="com.raju.selenium.base.BaseEngine">
    <failure type="java.lang.IllegalStateException" message="The driver executable does not exist: C:\Users\HOME\Balu\mavenfw\‪C:\Users\HOME\Desktop\chromedriver\chromedriver.exe">
      <![CDATA[java.lang.IllegalStateException: The driver executable does not exist: C:\Users\HOME\Balu\mavenfw\‪C:\Users\HOME\Desktop\chromedriver\chromedriver.exeat com.google.common.base.Preconditions.checkState(Preconditions.java:585)at org.openqa.selenium.remote.service.DriverService.checkExecutable(DriverService.java:136)at org.openqa.selenium.remote.service.DriverService.findExecutable(DriverService.java:131)at org.openqa.selenium.chrome.ChromeDriverService.access$000(ChromeDriverService.java:32)at org.openqa.selenium.chrome.ChromeDriverService$Builder.findDefaultExecutable(ChromeDriverService.java:137)at org.openqa.selenium.remote.service.DriverService$Builder.build(DriverService.java:339)at org.openqa.selenium.chrome.ChromeDriverService.createDefaultService(ChromeDriverService.java:88)at org.openqa.selenium.chrome.ChromeDriver.<init>(ChromeDriver.java:123)at com.raju.selenium.base.BaseEngine.openBrowser(BaseEngine.java)... Removed 20 stack frames]]>
    </failure>
  </testcase> <!-- @BeforeSuite openBrowser -->
  <testcase name="login" time="0.0" classname="com.raju.selenium.business.GmailTest">
    <skipped/>
  </testcase> <!-- login -->
</testsuite> <!-- Test -->
