<?xml version="1.0" encoding="UTF-8"?>
<testng-results skipped="0" failed="0" ignored="0" total="1" passed="1">
  <reporter-output>
  </reporter-output>
  <suite name="Suite" duration-ms="3910" started-at="2018-02-19T12:36:25Z" finished-at="2018-02-19T12:36:29Z">
    <groups>
    </groups>
    <test name="Test" duration-ms="3910" started-at="2018-02-19T12:36:25Z" finished-at="2018-02-19T12:36:29Z">
      <class name="com.raju.selenium.business.GmailTest">
        <test-method status="PASS" signature="openBrowser(java.lang.String)[pri:0, instance:com.raju.selenium.business.GmailTest@3567135c]" name="openBrowser" is-config="true" duration-ms="5650" started-at="2018-02-19T18:06:19Z" finished-at="2018-02-19T18:06:25Z">
          <params>
            <param index="0">
              <value>
                <![CDATA[chrome]]>
              </value>
            </param>
          </params>
          <reporter-output>
          </reporter-output>
        </test-method> <!-- openBrowser -->
        <test-method status="PASS" signature="login()[pri:0, instance:com.raju.selenium.business.GmailTest@3567135c]" name="login" duration-ms="3879" started-at="2018-02-19T18:06:25Z" finished-at="2018-02-19T18:06:29Z">
          <reporter-output>
          </reporter-output>
        </test-method> <!-- login -->
        <test-method status="PASS" signature="closeBrowser()[pri:0, instance:com.raju.selenium.business.GmailTest@3567135c]" name="closeBrowser" is-config="true" duration-ms="2326" started-at="2018-02-19T18:06:29Z" finished-at="2018-02-19T18:06:32Z">
          <reporter-output>
          </reporter-output>
        </test-method> <!-- closeBrowser -->
      </class> <!-- com.raju.selenium.business.GmailTest -->
    </test> <!-- Test -->
  </suite> <!-- Suite -->
</testng-results>
